2025-09-23 18:22:41,142 - sqlalchemy.engine.Engine - INFO - select pg_catalog.version()
2025-09-23 18:22:41,144 - sqlalchemy.engine.Engine - INFO - [raw sql] {}
2025-09-23 18:22:41,178 - sqlalchemy.engine.Engine - INFO - select current_schema()
2025-09-23 18:22:41,178 - sqlalchemy.engine.Engine - INFO - [raw sql] {}
2025-09-23 18:22:41,189 - sqlalchemy.engine.Engine - INFO - show standard_conforming_strings
2025-09-23 18:22:41,190 - sqlalchemy.engine.Engine - INFO - [raw sql] {}
2025-09-23 18:22:41,277 - sqlalchemy.engine.Engine - INFO - BEGIN (implicit)
2025-09-23 18:22:41,296 - sqlalchemy.engine.Engine - INFO - SELECT users.id AS users_id, users.email AS users_email, users.hashed_password AS users_hashed_password, users.created_at AS users_created_at 
FROM users 
WHERE users.email = %(email_1)s 
 LIMIT %(param_1)s
2025-09-23 18:22:41,305 - sqlalchemy.engine.Engine - INFO - [generated in 0.00897s] {'email_1': 'test@gmail.com', 'param_1': 1}
2025-09-23 18:22:41,444 - sqlalchemy.engine.Engine - INFO - SELECT count(*) AS count_1 
FROM (SELECT products.id AS products_id, products.name AS products_name, products.sku AS products_sku, products.description AS products_description, products.unit_price AS products_unit_price, products.unit_of_measure AS products_unit_of_measure, products.category AS products_category, products.is_active AS products_is_active, products.created_at AS products_created_at, products.updated_at AS products_updated_at, products.created_by AS products_created_by 
FROM products 
WHERE products.is_active = true) AS anon_1
2025-09-23 18:22:41,446 - sqlalchemy.engine.Engine - INFO - [generated in 0.00176s] {}
2025-09-23 18:22:41,454 - sqlalchemy.engine.Engine - INFO - SELECT products.id AS products_id, products.name AS products_name, products.sku AS products_sku, products.description AS products_description, products.unit_price AS products_unit_price, products.unit_of_measure AS products_unit_of_measure, products.category AS products_category, products.is_active AS products_is_active, products.created_at AS products_created_at, products.updated_at AS products_updated_at, products.created_by AS products_created_by 
FROM products 
WHERE products.is_active = true ORDER BY products.created_at DESC 
 LIMIT %(param_1)s OFFSET %(param_2)s
2025-09-23 18:22:41,454 - sqlalchemy.engine.Engine - INFO - [generated in 0.00057s] {'param_1': 20, 'param_2': 0}
2025-09-23 18:22:41,470 - sqlalchemy.engine.Engine - INFO - SELECT coalesce(sum(stock_movements.quantity), %(coalesce_2)s) AS coalesce_1 
FROM stock_movements 
WHERE stock_movements.product_id = %(product_id_1)s
2025-09-23 18:22:41,471 - sqlalchemy.engine.Engine - INFO - [generated in 0.00063s] {'coalesce_2': 0, 'product_id_1': 4}
2025-09-23 18:22:41,510 - sqlalchemy.engine.Engine - INFO - SELECT coalesce(sum(stock_movements.quantity), %(coalesce_2)s) AS coalesce_1 
FROM stock_movements 
WHERE stock_movements.product_id = %(product_id_1)s
2025-09-23 18:22:41,511 - sqlalchemy.engine.Engine - INFO - [cached since 0.04057s ago] {'coalesce_2': 0, 'product_id_1': 3}
2025-09-23 18:22:41,521 - sqlalchemy.engine.Engine - INFO - SELECT coalesce(sum(stock_movements.quantity), %(coalesce_2)s) AS coalesce_1 
FROM stock_movements 
WHERE stock_movements.product_id = %(product_id_1)s
2025-09-23 18:22:41,522 - sqlalchemy.engine.Engine - INFO - [cached since 0.05145s ago] {'coalesce_2': 0, 'product_id_1': 2}
2025-09-23 18:22:41,526 - sqlalchemy.engine.Engine - INFO - SELECT coalesce(sum(stock_movements.quantity), %(coalesce_2)s) AS coalesce_1 
FROM stock_movements 
WHERE stock_movements.product_id = %(product_id_1)s
2025-09-23 18:22:41,528 - sqlalchemy.engine.Engine - INFO - [cached since 0.05813s ago] {'coalesce_2': 0, 'product_id_1': 1}
2025-09-23 18:22:41,548 - sqlalchemy.engine.Engine - INFO - ROLLBACK
2025-09-23 18:22:41,606 - sqlalchemy.engine.Engine - INFO - BEGIN (implicit)
2025-09-23 18:22:41,609 - sqlalchemy.engine.Engine - INFO - SELECT users.id AS users_id, users.email AS users_email, users.hashed_password AS users_hashed_password, users.created_at AS users_created_at 
FROM users 
WHERE users.email = %(email_1)s 
 LIMIT %(param_1)s
2025-09-23 18:22:41,610 - sqlalchemy.engine.Engine - INFO - [cached since 0.3141s ago] {'email_1': 'test@gmail.com', 'param_1': 1}
2025-09-23 18:22:41,627 - sqlalchemy.engine.Engine - INFO - SELECT count(*) AS count_1 
FROM (SELECT products.id AS products_id, products.name AS products_name, products.sku AS products_sku, products.description AS products_description, products.unit_price AS products_unit_price, products.unit_of_measure AS products_unit_of_measure, products.category AS products_category, products.is_active AS products_is_active, products.created_at AS products_created_at, products.updated_at AS products_updated_at, products.created_by AS products_created_by 
FROM products 
WHERE products.is_active = true) AS anon_1
2025-09-23 18:22:41,628 - sqlalchemy.engine.Engine - INFO - [cached since 0.1839s ago] {}
2025-09-23 18:22:41,637 - sqlalchemy.engine.Engine - INFO - SELECT products.id AS products_id, products.name AS products_name, products.sku AS products_sku, products.description AS products_description, products.unit_price AS products_unit_price, products.unit_of_measure AS products_unit_of_measure, products.category AS products_category, products.is_active AS products_is_active, products.created_at AS products_created_at, products.updated_at AS products_updated_at, products.created_by AS products_created_by 
FROM products 
WHERE products.is_active = true ORDER BY products.created_at DESC 
 LIMIT %(param_1)s OFFSET %(param_2)s
2025-09-23 18:22:41,638 - sqlalchemy.engine.Engine - INFO - [cached since 0.1847s ago] {'param_1': 20, 'param_2': 0}
2025-09-23 18:22:41,648 - sqlalchemy.engine.Engine - INFO - SELECT coalesce(sum(stock_movements.quantity), %(coalesce_2)s) AS coalesce_1 
FROM stock_movements 
WHERE stock_movements.product_id = %(product_id_1)s
2025-09-23 18:22:41,648 - sqlalchemy.engine.Engine - INFO - [cached since 0.1778s ago] {'coalesce_2': 0, 'product_id_1': 4}
2025-09-23 18:22:41,652 - sqlalchemy.engine.Engine - INFO - SELECT coalesce(sum(stock_movements.quantity), %(coalesce_2)s) AS coalesce_1 
FROM stock_movements 
WHERE stock_movements.product_id = %(product_id_1)s
2025-09-23 18:22:41,654 - sqlalchemy.engine.Engine - INFO - [cached since 0.1829s ago] {'coalesce_2': 0, 'product_id_1': 3}
2025-09-23 18:22:41,667 - sqlalchemy.engine.Engine - INFO - SELECT coalesce(sum(stock_movements.quantity), %(coalesce_2)s) AS coalesce_1 
FROM stock_movements 
WHERE stock_movements.product_id = %(product_id_1)s
2025-09-23 18:22:41,668 - sqlalchemy.engine.Engine - INFO - [cached since 0.198s ago] {'coalesce_2': 0, 'product_id_1': 2}
2025-09-23 18:22:41,682 - sqlalchemy.engine.Engine - INFO - SELECT coalesce(sum(stock_movements.quantity), %(coalesce_2)s) AS coalesce_1 
FROM stock_movements 
WHERE stock_movements.product_id = %(product_id_1)s
2025-09-23 18:22:41,683 - sqlalchemy.engine.Engine - INFO - [cached since 0.2127s ago] {'coalesce_2': 0, 'product_id_1': 1}
2025-09-23 18:22:41,700 - sqlalchemy.engine.Engine - INFO - ROLLBACK
2025-09-23 18:22:44,210 - sqlalchemy.engine.Engine - INFO - BEGIN (implicit)
2025-09-23 18:22:44,211 - sqlalchemy.engine.Engine - INFO - SELECT users.id AS users_id, users.email AS users_email, users.hashed_password AS users_hashed_password, users.created_at AS users_created_at 
FROM users 
WHERE users.email = %(email_1)s 
 LIMIT %(param_1)s
2025-09-23 18:22:44,211 - sqlalchemy.engine.Engine - INFO - [cached since 2.915s ago] {'email_1': 'test@gmail.com', 'param_1': 1}
2025-09-23 18:22:44,220 - sqlalchemy.engine.Engine - INFO - SELECT products.id AS products_id, products.name AS products_name, products.sku AS products_sku, products.description AS products_description, products.unit_price AS products_unit_price, products.unit_of_measure AS products_unit_of_measure, products.category AS products_category, products.is_active AS products_is_active, products.created_at AS products_created_at, products.updated_at AS products_updated_at, products.created_by AS products_created_by 
FROM products 
WHERE products.id = %(id_1)s AND products.is_active = true 
 LIMIT %(param_1)s
2025-09-23 18:22:44,220 - sqlalchemy.engine.Engine - INFO - [generated in 0.00070s] {'id_1': 1, 'param_1': 1}
2025-09-23 18:22:44,244 - sqlalchemy.engine.Engine - INFO - SELECT warehouses.id AS warehouses_id, warehouses.name AS warehouses_name, coalesce(sum(stock_movements.quantity), %(coalesce_1)s) AS current_stock 
FROM warehouses LEFT OUTER JOIN stock_movements ON stock_movements.warehouse_id = warehouses.id AND stock_movements.product_id = %(product_id_1)s 
WHERE warehouses.is_active = true GROUP BY warehouses.id, warehouses.name
2025-09-23 18:22:44,245 - sqlalchemy.engine.Engine - INFO - [generated in 0.00642s] {'coalesce_1': 0, 'product_id_1': 1}
2025-09-23 18:22:44,265 - sqlalchemy.engine.Engine - INFO - ROLLBACK
2025-09-23 18:22:44,339 - sqlalchemy.engine.Engine - INFO - BEGIN (implicit)
2025-09-23 18:22:44,340 - sqlalchemy.engine.Engine - INFO - SELECT users.id AS users_id, users.email AS users_email, users.hashed_password AS users_hashed_password, users.created_at AS users_created_at 
FROM users 
WHERE users.email = %(email_1)s 
 LIMIT %(param_1)s
2025-09-23 18:22:44,341 - sqlalchemy.engine.Engine - INFO - [cached since 3.045s ago] {'email_1': 'test@gmail.com', 'param_1': 1}
2025-09-23 18:22:44,345 - sqlalchemy.engine.Engine - INFO - SELECT products.id AS products_id, products.name AS products_name, products.sku AS products_sku, products.description AS products_description, products.unit_price AS products_unit_price, products.unit_of_measure AS products_unit_of_measure, products.category AS products_category, products.is_active AS products_is_active, products.created_at AS products_created_at, products.updated_at AS products_updated_at, products.created_by AS products_created_by 
FROM products 
WHERE products.id = %(id_1)s AND products.is_active = true 
 LIMIT %(param_1)s
2025-09-23 18:22:44,345 - sqlalchemy.engine.Engine - INFO - [cached since 0.1254s ago] {'id_1': 1, 'param_1': 1}
2025-09-23 18:22:44,366 - sqlalchemy.engine.Engine - INFO - SELECT warehouses.id AS warehouses_id, warehouses.name AS warehouses_name, coalesce(sum(stock_movements.quantity), %(coalesce_1)s) AS current_stock 
FROM warehouses LEFT OUTER JOIN stock_movements ON stock_movements.warehouse_id = warehouses.id AND stock_movements.product_id = %(product_id_1)s 
WHERE warehouses.is_active = true GROUP BY warehouses.id, warehouses.name
2025-09-23 18:22:44,366 - sqlalchemy.engine.Engine - INFO - [cached since 0.1269s ago] {'coalesce_1': 0, 'product_id_1': 1}
2025-09-23 18:22:44,369 - sqlalchemy.engine.Engine - INFO - ROLLBACK
2025-09-23 18:22:48,333 - sqlalchemy.engine.Engine - INFO - BEGIN (implicit)
2025-09-23 18:22:48,337 - sqlalchemy.engine.Engine - INFO - SELECT users.id AS users_id, users.email AS users_email, users.hashed_password AS users_hashed_password, users.created_at AS users_created_at 
FROM users 
WHERE users.email = %(email_1)s 
 LIMIT %(param_1)s
2025-09-23 18:22:48,337 - sqlalchemy.engine.Engine - INFO - [cached since 7.042s ago] {'email_1': 'test@gmail.com', 'param_1': 1}
2025-09-23 18:22:48,345 - sqlalchemy.engine.Engine - INFO - SELECT products.id AS products_id, products.name AS products_name, products.sku AS products_sku, products.description AS products_description, products.unit_price AS products_unit_price, products.unit_of_measure AS products_unit_of_measure, products.category AS products_category, products.is_active AS products_is_active, products.created_at AS products_created_at, products.updated_at AS products_updated_at, products.created_by AS products_created_by 
FROM products 
WHERE products.id = %(id_1)s AND products.is_active = true 
 LIMIT %(param_1)s
2025-09-23 18:22:48,355 - sqlalchemy.engine.Engine - INFO - [cached since 4.135s ago] {'id_1': 1, 'param_1': 1}
2025-09-23 18:22:48,372 - sqlalchemy.engine.Engine - INFO - UPDATE products SET name=%(name)s, updated_at=now() WHERE products.id = %(products_id)s
2025-09-23 18:22:48,372 - sqlalchemy.engine.Engine - INFO - [generated in 0.00094s] {'name': 'nama', 'products_id': 1}
2025-09-23 18:22:48,377 - sqlalchemy.engine.Engine - INFO - COMMIT
2025-09-23 18:22:48,394 - sqlalchemy.engine.Engine - INFO - BEGIN (implicit)
2025-09-23 18:22:48,408 - sqlalchemy.engine.Engine - INFO - SELECT products.id, products.name, products.sku, products.description, products.unit_price, products.unit_of_measure, products.category, products.is_active, products.created_at, products.updated_at, products.created_by 
FROM products 
WHERE products.id = %(pk_1)s
2025-09-23 18:22:48,408 - sqlalchemy.engine.Engine - INFO - [generated in 0.00062s] {'pk_1': 1}
2025-09-23 18:22:48,423 - sqlalchemy.engine.Engine - INFO - ROLLBACK
2025-09-23 18:22:54,023 - sqlalchemy.engine.Engine - INFO - BEGIN (implicit)
2025-09-23 18:22:54,024 - sqlalchemy.engine.Engine - INFO - SELECT users.id AS users_id, users.email AS users_email, users.hashed_password AS users_hashed_password, users.created_at AS users_created_at 
FROM users 
WHERE users.email = %(email_1)s 
 LIMIT %(param_1)s
2025-09-23 18:22:54,024 - sqlalchemy.engine.Engine - INFO - [cached since 12.73s ago] {'email_1': 'test@gmail.com', 'param_1': 1}
2025-09-23 18:22:54,035 - sqlalchemy.engine.Engine - INFO - SELECT products.id AS products_id, products.name AS products_name, products.sku AS products_sku, products.description AS products_description, products.unit_price AS products_unit_price, products.unit_of_measure AS products_unit_of_measure, products.category AS products_category, products.is_active AS products_is_active, products.created_at AS products_created_at, products.updated_at AS products_updated_at, products.created_by AS products_created_by 
FROM products 
WHERE products.id = %(id_1)s AND products.is_active = true 
 LIMIT %(param_1)s
2025-09-23 18:22:54,036 - sqlalchemy.engine.Engine - INFO - [cached since 9.816s ago] {'id_1': 1, 'param_1': 1}
2025-09-23 18:22:54,040 - sqlalchemy.engine.Engine - INFO - SELECT warehouses.id AS warehouses_id, warehouses.name AS warehouses_name, coalesce(sum(stock_movements.quantity), %(coalesce_1)s) AS current_stock 
FROM warehouses LEFT OUTER JOIN stock_movements ON stock_movements.warehouse_id = warehouses.id AND stock_movements.product_id = %(product_id_1)s 
WHERE warehouses.is_active = true GROUP BY warehouses.id, warehouses.name
2025-09-23 18:22:54,040 - sqlalchemy.engine.Engine - INFO - [cached since 9.802s ago] {'coalesce_1': 0, 'product_id_1': 1}
2025-09-23 18:22:54,051 - sqlalchemy.engine.Engine - INFO - ROLLBACK
2025-09-23 18:22:54,079 - sqlalchemy.engine.Engine - INFO - BEGIN (implicit)
2025-09-23 18:22:54,080 - sqlalchemy.engine.Engine - INFO - SELECT users.id AS users_id, users.email AS users_email, users.hashed_password AS users_hashed_password, users.created_at AS users_created_at 
FROM users 
WHERE users.email = %(email_1)s 
 LIMIT %(param_1)s
2025-09-23 18:22:54,080 - sqlalchemy.engine.Engine - INFO - [cached since 12.79s ago] {'email_1': 'test@gmail.com', 'param_1': 1}
2025-09-23 18:22:54,111 - sqlalchemy.engine.Engine - INFO - SELECT products.id AS products_id, products.name AS products_name, products.sku AS products_sku, products.description AS products_description, products.unit_price AS products_unit_price, products.unit_of_measure AS products_unit_of_measure, products.category AS products_category, products.is_active AS products_is_active, products.created_at AS products_created_at, products.updated_at AS products_updated_at, products.created_by AS products_created_by 
FROM products 
WHERE products.id = %(id_1)s AND products.is_active = true 
 LIMIT %(param_1)s
2025-09-23 18:22:54,112 - sqlalchemy.engine.Engine - INFO - [cached since 9.892s ago] {'id_1': 1, 'param_1': 1}
2025-09-23 18:22:54,118 - sqlalchemy.engine.Engine - INFO - SELECT warehouses.id AS warehouses_id, warehouses.name AS warehouses_name, coalesce(sum(stock_movements.quantity), %(coalesce_1)s) AS current_stock 
FROM warehouses LEFT OUTER JOIN stock_movements ON stock_movements.warehouse_id = warehouses.id AND stock_movements.product_id = %(product_id_1)s 
WHERE warehouses.is_active = true GROUP BY warehouses.id, warehouses.name
2025-09-23 18:22:54,119 - sqlalchemy.engine.Engine - INFO - [cached since 9.88s ago] {'coalesce_1': 0, 'product_id_1': 1}
2025-09-23 18:22:54,122 - sqlalchemy.engine.Engine - INFO - ROLLBACK
2025-09-23 18:23:50,974 - watchfiles.main - INFO - 4 changes detected
2025-09-23 18:23:51,564 - watchfiles.main - INFO - 1 change detected
2025-09-23 18:23:58,911 - watchfiles.main - INFO - 3 changes detected
2025-09-23 18:23:59,376 - watchfiles.main - INFO - 3 changes detected
2025-09-23 18:25:36,411 - sqlalchemy.engine.Engine - INFO - select pg_catalog.version()
2025-09-23 18:25:36,412 - sqlalchemy.engine.Engine - INFO - [raw sql] {}
2025-09-23 18:25:36,413 - sqlalchemy.engine.Engine - INFO - select current_schema()
2025-09-23 18:25:36,414 - sqlalchemy.engine.Engine - INFO - [raw sql] {}
2025-09-23 18:25:36,415 - sqlalchemy.engine.Engine - INFO - show standard_conforming_strings
2025-09-23 18:25:36,415 - sqlalchemy.engine.Engine - INFO - [raw sql] {}
2025-09-23 18:25:36,416 - sqlalchemy.engine.Engine - INFO - BEGIN (implicit)
2025-09-23 18:25:36,428 - sqlalchemy.engine.Engine - INFO - SELECT users.id AS users_id, users.email AS users_email, users.hashed_password AS users_hashed_password, users.created_at AS users_created_at 
FROM users 
WHERE users.email = %(email_1)s 
 LIMIT %(param_1)s
2025-09-23 18:25:36,428 - sqlalchemy.engine.Engine - INFO - [generated in 0.00082s] {'email_1': 'test@gmail.com', 'param_1': 1}
2025-09-23 18:25:36,432 - passlib.handlers.bcrypt - WARNING - (trapped) error reading bcrypt version
Traceback (most recent call last):
  File "/usr/local/Caskroom/miniconda/base/lib/python3.13/site-packages/passlib/handlers/bcrypt.py", line 620, in _load_backend_mixin
    version = _bcrypt.__about__.__version__
              ^^^^^^^^^^^^^^^^^
AttributeError: module 'bcrypt' has no attribute '__about__'
2025-09-23 18:25:36,930 - app.api.auth - INFO - Successful login for email test@gmail.com from IP 127.0.0.1
2025-09-23 18:25:36,931 - sqlalchemy.engine.Engine - INFO - ROLLBACK
2025-09-23 18:25:41,650 - sqlalchemy.engine.Engine - INFO - BEGIN (implicit)
2025-09-23 18:25:41,651 - sqlalchemy.engine.Engine - INFO - SELECT users.id AS users_id, users.email AS users_email, users.hashed_password AS users_hashed_password, users.created_at AS users_created_at 
FROM users 
WHERE users.email = %(email_1)s 
 LIMIT %(param_1)s
2025-09-23 18:25:41,651 - sqlalchemy.engine.Engine - INFO - [cached since 5.224s ago] {'email_1': 'test@gmail.com', 'param_1': 1}
2025-09-23 18:25:41,688 - sqlalchemy.engine.Engine - INFO - SELECT count(*) AS count_1 
FROM (SELECT products.id AS products_id, products.name AS products_name, products.sku AS products_sku, products.description AS products_description, products.unit_price AS products_unit_price, products.unit_of_measure AS products_unit_of_measure, products.category AS products_category, products.is_active AS products_is_active, products.created_at AS products_created_at, products.updated_at AS products_updated_at, products.created_by AS products_created_by 
FROM products 
WHERE products.is_active = true) AS anon_1
2025-09-23 18:25:41,688 - sqlalchemy.engine.Engine - INFO - [generated in 0.00071s] {}
2025-09-23 18:25:41,700 - sqlalchemy.engine.Engine - INFO - SELECT products.id AS products_id, products.name AS products_name, products.sku AS products_sku, products.description AS products_description, products.unit_price AS products_unit_price, products.unit_of_measure AS products_unit_of_measure, products.category AS products_category, products.is_active AS products_is_active, products.created_at AS products_created_at, products.updated_at AS products_updated_at, products.created_by AS products_created_by 
FROM products 
WHERE products.is_active = true ORDER BY products.created_at DESC 
 LIMIT %(param_1)s OFFSET %(param_2)s
2025-09-23 18:25:41,700 - sqlalchemy.engine.Engine - INFO - [generated in 0.00072s] {'param_1': 20, 'param_2': 0}
2025-09-23 18:25:41,708 - sqlalchemy.engine.Engine - INFO - SELECT coalesce(sum(stock_movements.quantity), %(coalesce_2)s) AS coalesce_1 
FROM stock_movements 
WHERE stock_movements.product_id = %(product_id_1)s
2025-09-23 18:25:41,708 - sqlalchemy.engine.Engine - INFO - [generated in 0.00053s] {'coalesce_2': 0, 'product_id_1': 4}
2025-09-23 18:25:41,721 - sqlalchemy.engine.Engine - INFO - SELECT coalesce(sum(stock_movements.quantity), %(coalesce_2)s) AS coalesce_1 
FROM stock_movements 
WHERE stock_movements.product_id = %(product_id_1)s
2025-09-23 18:25:41,721 - sqlalchemy.engine.Engine - INFO - [cached since 0.01334s ago] {'coalesce_2': 0, 'product_id_1': 3}
2025-09-23 18:25:41,724 - sqlalchemy.engine.Engine - INFO - SELECT coalesce(sum(stock_movements.quantity), %(coalesce_2)s) AS coalesce_1 
FROM stock_movements 
WHERE stock_movements.product_id = %(product_id_1)s
2025-09-23 18:25:41,724 - sqlalchemy.engine.Engine - INFO - [cached since 0.01671s ago] {'coalesce_2': 0, 'product_id_1': 2}
2025-09-23 18:25:41,733 - sqlalchemy.engine.Engine - INFO - SELECT coalesce(sum(stock_movements.quantity), %(coalesce_2)s) AS coalesce_1 
FROM stock_movements 
WHERE stock_movements.product_id = %(product_id_1)s
2025-09-23 18:25:41,733 - sqlalchemy.engine.Engine - INFO - [cached since 0.02546s ago] {'coalesce_2': 0, 'product_id_1': 1}
2025-09-23 18:25:41,739 - sqlalchemy.engine.Engine - INFO - ROLLBACK
2025-09-23 18:25:41,768 - sqlalchemy.engine.Engine - INFO - BEGIN (implicit)
2025-09-23 18:25:41,769 - sqlalchemy.engine.Engine - INFO - SELECT users.id AS users_id, users.email AS users_email, users.hashed_password AS users_hashed_password, users.created_at AS users_created_at 
FROM users 
WHERE users.email = %(email_1)s 
 LIMIT %(param_1)s
2025-09-23 18:25:41,770 - sqlalchemy.engine.Engine - INFO - [cached since 5.342s ago] {'email_1': 'test@gmail.com', 'param_1': 1}
2025-09-23 18:25:41,814 - sqlalchemy.engine.Engine - INFO - SELECT count(*) AS count_1 
FROM (SELECT products.id AS products_id, products.name AS products_name, products.sku AS products_sku, products.description AS products_description, products.unit_price AS products_unit_price, products.unit_of_measure AS products_unit_of_measure, products.category AS products_category, products.is_active AS products_is_active, products.created_at AS products_created_at, products.updated_at AS products_updated_at, products.created_by AS products_created_by 
FROM products 
WHERE products.is_active = true) AS anon_1
2025-09-23 18:25:41,816 - sqlalchemy.engine.Engine - INFO - [cached since 0.128s ago] {}
2025-09-23 18:25:41,852 - sqlalchemy.engine.Engine - INFO - SELECT products.id AS products_id, products.name AS products_name, products.sku AS products_sku, products.description AS products_description, products.unit_price AS products_unit_price, products.unit_of_measure AS products_unit_of_measure, products.category AS products_category, products.is_active AS products_is_active, products.created_at AS products_created_at, products.updated_at AS products_updated_at, products.created_by AS products_created_by 
FROM products 
WHERE products.is_active = true ORDER BY products.created_at DESC 
 LIMIT %(param_1)s OFFSET %(param_2)s
2025-09-23 18:25:41,852 - sqlalchemy.engine.Engine - INFO - [cached since 0.153s ago] {'param_1': 20, 'param_2': 0}
2025-09-23 18:25:41,857 - sqlalchemy.engine.Engine - INFO - SELECT coalesce(sum(stock_movements.quantity), %(coalesce_2)s) AS coalesce_1 
FROM stock_movements 
WHERE stock_movements.product_id = %(product_id_1)s
2025-09-23 18:25:41,862 - sqlalchemy.engine.Engine - INFO - [cached since 0.1501s ago] {'coalesce_2': 0, 'product_id_1': 4}
2025-09-23 18:25:41,885 - sqlalchemy.engine.Engine - INFO - SELECT coalesce(sum(stock_movements.quantity), %(coalesce_2)s) AS coalesce_1 
FROM stock_movements 
WHERE stock_movements.product_id = %(product_id_1)s
2025-09-23 18:25:41,885 - sqlalchemy.engine.Engine - INFO - [cached since 0.1777s ago] {'coalesce_2': 0, 'product_id_1': 3}
2025-09-23 18:25:41,888 - sqlalchemy.engine.Engine - INFO - SELECT coalesce(sum(stock_movements.quantity), %(coalesce_2)s) AS coalesce_1 
FROM stock_movements 
WHERE stock_movements.product_id = %(product_id_1)s
2025-09-23 18:25:41,888 - sqlalchemy.engine.Engine - INFO - [cached since 0.1802s ago] {'coalesce_2': 0, 'product_id_1': 2}
2025-09-23 18:25:41,891 - sqlalchemy.engine.Engine - INFO - SELECT coalesce(sum(stock_movements.quantity), %(coalesce_2)s) AS coalesce_1 
FROM stock_movements 
WHERE stock_movements.product_id = %(product_id_1)s
2025-09-23 18:25:41,892 - sqlalchemy.engine.Engine - INFO - [cached since 0.184s ago] {'coalesce_2': 0, 'product_id_1': 1}
2025-09-23 18:25:41,912 - sqlalchemy.engine.Engine - INFO - ROLLBACK
2025-09-23 18:26:09,187 - sqlalchemy.engine.Engine - INFO - BEGIN (implicit)
2025-09-23 18:26:09,188 - sqlalchemy.engine.Engine - INFO - SELECT users.id AS users_id, users.email AS users_email, users.hashed_password AS users_hashed_password, users.created_at AS users_created_at 
FROM users 
WHERE users.email = %(email_1)s 
 LIMIT %(param_1)s
2025-09-23 18:26:09,189 - sqlalchemy.engine.Engine - INFO - [cached since 32.76s ago] {'email_1': 'test@gmail.com', 'param_1': 1}
2025-09-23 18:26:09,200 - sqlalchemy.engine.Engine - INFO - SELECT products.id AS products_id, products.name AS products_name, products.sku AS products_sku, products.description AS products_description, products.unit_price AS products_unit_price, products.unit_of_measure AS products_unit_of_measure, products.category AS products_category, products.is_active AS products_is_active, products.created_at AS products_created_at, products.updated_at AS products_updated_at, products.created_by AS products_created_by 
FROM products 
WHERE products.sku = %(sku_1)s 
 LIMIT %(param_1)s
2025-09-23 18:26:09,201 - sqlalchemy.engine.Engine - INFO - [generated in 0.00115s] {'sku_1': 'PR01', 'param_1': 1}
2025-09-23 18:26:09,204 - sqlalchemy.engine.Engine - INFO - ROLLBACK
2025-09-23 18:26:14,010 - sqlalchemy.engine.Engine - INFO - BEGIN (implicit)
2025-09-23 18:26:14,011 - sqlalchemy.engine.Engine - INFO - SELECT users.id AS users_id, users.email AS users_email, users.hashed_password AS users_hashed_password, users.created_at AS users_created_at 
FROM users 
WHERE users.email = %(email_1)s 
 LIMIT %(param_1)s
2025-09-23 18:26:14,011 - sqlalchemy.engine.Engine - INFO - [cached since 37.58s ago] {'email_1': 'test@gmail.com', 'param_1': 1}
2025-09-23 18:26:14,023 - sqlalchemy.engine.Engine - INFO - SELECT products.id AS products_id, products.name AS products_name, products.sku AS products_sku, products.description AS products_description, products.unit_price AS products_unit_price, products.unit_of_measure AS products_unit_of_measure, products.category AS products_category, products.is_active AS products_is_active, products.created_at AS products_created_at, products.updated_at AS products_updated_at, products.created_by AS products_created_by 
FROM products 
WHERE products.sku = %(sku_1)s 
 LIMIT %(param_1)s
2025-09-23 18:26:14,023 - sqlalchemy.engine.Engine - INFO - [cached since 4.824s ago] {'sku_1': 'PR01', 'param_1': 1}
2025-09-23 18:26:14,025 - sqlalchemy.engine.Engine - INFO - ROLLBACK
2025-09-23 18:26:45,520 - sqlalchemy.engine.Engine - INFO - BEGIN (implicit)
2025-09-23 18:26:45,521 - sqlalchemy.engine.Engine - INFO - SELECT users.id AS users_id, users.email AS users_email, users.hashed_password AS users_hashed_password, users.created_at AS users_created_at 
FROM users 
WHERE users.email = %(email_1)s 
 LIMIT %(param_1)s
2025-09-23 18:26:45,521 - sqlalchemy.engine.Engine - INFO - [cached since 69.1s ago] {'email_1': 'test@gmail.com', 'param_1': 1}
2025-09-23 18:26:45,543 - sqlalchemy.engine.Engine - INFO - SELECT products.id AS products_id, products.name AS products_name, products.sku AS products_sku, products.description AS products_description, products.unit_price AS products_unit_price, products.unit_of_measure AS products_unit_of_measure, products.category AS products_category, products.is_active AS products_is_active, products.created_at AS products_created_at, products.updated_at AS products_updated_at, products.created_by AS products_created_by 
FROM products 
WHERE products.sku = %(sku_1)s 
 LIMIT %(param_1)s
2025-09-23 18:26:45,543 - sqlalchemy.engine.Engine - INFO - [cached since 36.34s ago] {'sku_1': 'PR02', 'param_1': 1}
2025-09-23 18:26:45,554 - sqlalchemy.engine.Engine - INFO - INSERT INTO products (name, sku, description, unit_price, unit_of_measure, category, is_active, created_by) VALUES (%(name)s, %(sku)s, %(description)s, %(unit_price)s, %(unit_of_measure)s, %(category)s, %(is_active)s, %(created_by)s) RETURNING products.id, products.created_at, products.updated_at
2025-09-23 18:26:45,554 - sqlalchemy.engine.Engine - INFO - [generated in 0.00065s] {'name': 'nj', 'sku': 'PR02', 'description': 'ok', 'unit_price': Decimal('112'), 'unit_of_measure': 'box', 'category': 'cd', 'is_active': True, 'created_by': 5}
2025-09-23 18:26:45,580 - sqlalchemy.engine.Engine - INFO - COMMIT
2025-09-23 18:26:45,598 - sqlalchemy.engine.Engine - INFO - BEGIN (implicit)
2025-09-23 18:26:45,601 - sqlalchemy.engine.Engine - INFO - SELECT products.id, products.name, products.sku, products.description, products.unit_price, products.unit_of_measure, products.category, products.is_active, products.created_at, products.updated_at, products.created_by 
FROM products 
WHERE products.id = %(pk_1)s
2025-09-23 18:26:45,602 - sqlalchemy.engine.Engine - INFO - [generated in 0.00054s] {'pk_1': 5}
2025-09-23 18:26:45,604 - sqlalchemy.engine.Engine - INFO - ROLLBACK
2025-09-23 18:26:46,185 - sqlalchemy.engine.Engine - INFO - BEGIN (implicit)
2025-09-23 18:26:46,189 - sqlalchemy.engine.Engine - INFO - SELECT users.id AS users_id, users.email AS users_email, users.hashed_password AS users_hashed_password, users.created_at AS users_created_at 
FROM users 
WHERE users.email = %(email_1)s 
 LIMIT %(param_1)s
2025-09-23 18:26:46,190 - sqlalchemy.engine.Engine - INFO - [cached since 69.76s ago] {'email_1': 'test@gmail.com', 'param_1': 1}
2025-09-23 18:26:46,301 - sqlalchemy.engine.Engine - INFO - SELECT count(*) AS count_1 
FROM (SELECT products.id AS products_id, products.name AS products_name, products.sku AS products_sku, products.description AS products_description, products.unit_price AS products_unit_price, products.unit_of_measure AS products_unit_of_measure, products.category AS products_category, products.is_active AS products_is_active, products.created_at AS products_created_at, products.updated_at AS products_updated_at, products.created_by AS products_created_by 
FROM products 
WHERE products.is_active = true) AS anon_1
2025-09-23 18:26:46,301 - sqlalchemy.engine.Engine - INFO - [cached since 64.62s ago] {}
2025-09-23 18:26:46,331 - sqlalchemy.engine.Engine - INFO - SELECT products.id AS products_id, products.name AS products_name, products.sku AS products_sku, products.description AS products_description, products.unit_price AS products_unit_price, products.unit_of_measure AS products_unit_of_measure, products.category AS products_category, products.is_active AS products_is_active, products.created_at AS products_created_at, products.updated_at AS products_updated_at, products.created_by AS products_created_by 
FROM products 
WHERE products.is_active = true ORDER BY products.created_at DESC 
 LIMIT %(param_1)s OFFSET %(param_2)s
2025-09-23 18:26:46,332 - sqlalchemy.engine.Engine - INFO - [cached since 64.63s ago] {'param_1': 20, 'param_2': 0}
2025-09-23 18:26:46,402 - sqlalchemy.engine.Engine - INFO - SELECT coalesce(sum(stock_movements.quantity), %(coalesce_2)s) AS coalesce_1 
FROM stock_movements 
WHERE stock_movements.product_id = %(product_id_1)s
2025-09-23 18:26:46,402 - sqlalchemy.engine.Engine - INFO - [cached since 64.7s ago] {'coalesce_2': 0, 'product_id_1': 5}
2025-09-23 18:26:46,418 - sqlalchemy.engine.Engine - INFO - SELECT coalesce(sum(stock_movements.quantity), %(coalesce_2)s) AS coalesce_1 
FROM stock_movements 
WHERE stock_movements.product_id = %(product_id_1)s
2025-09-23 18:26:46,418 - sqlalchemy.engine.Engine - INFO - [cached since 64.71s ago] {'coalesce_2': 0, 'product_id_1': 4}
2025-09-23 18:26:46,435 - sqlalchemy.engine.Engine - INFO - SELECT coalesce(sum(stock_movements.quantity), %(coalesce_2)s) AS coalesce_1 
FROM stock_movements 
WHERE stock_movements.product_id = %(product_id_1)s
2025-09-23 18:26:46,436 - sqlalchemy.engine.Engine - INFO - [cached since 64.73s ago] {'coalesce_2': 0, 'product_id_1': 3}
2025-09-23 18:26:46,451 - sqlalchemy.engine.Engine - INFO - SELECT coalesce(sum(stock_movements.quantity), %(coalesce_2)s) AS coalesce_1 
FROM stock_movements 
WHERE stock_movements.product_id = %(product_id_1)s
2025-09-23 18:26:46,451 - sqlalchemy.engine.Engine - INFO - [cached since 64.75s ago] {'coalesce_2': 0, 'product_id_1': 2}
2025-09-23 18:26:46,564 - sqlalchemy.engine.Engine - INFO - SELECT coalesce(sum(stock_movements.quantity), %(coalesce_2)s) AS coalesce_1 
FROM stock_movements 
WHERE stock_movements.product_id = %(product_id_1)s
2025-09-23 18:26:46,564 - sqlalchemy.engine.Engine - INFO - [cached since 64.86s ago] {'coalesce_2': 0, 'product_id_1': 1}
2025-09-23 18:26:46,731 - sqlalchemy.engine.Engine - INFO - ROLLBACK
2025-09-23 18:26:46,768 - sqlalchemy.engine.Engine - INFO - BEGIN (implicit)
2025-09-23 18:26:46,770 - sqlalchemy.engine.Engine - INFO - SELECT users.id AS users_id, users.email AS users_email, users.hashed_password AS users_hashed_password, users.created_at AS users_created_at 
FROM users 
WHERE users.email = %(email_1)s 
 LIMIT %(param_1)s
2025-09-23 18:26:46,771 - sqlalchemy.engine.Engine - INFO - [cached since 70.35s ago] {'email_1': 'test@gmail.com', 'param_1': 1}
2025-09-23 18:26:46,807 - sqlalchemy.engine.Engine - INFO - SELECT count(*) AS count_1 
FROM (SELECT products.id AS products_id, products.name AS products_name, products.sku AS products_sku, products.description AS products_description, products.unit_price AS products_unit_price, products.unit_of_measure AS products_unit_of_measure, products.category AS products_category, products.is_active AS products_is_active, products.created_at AS products_created_at, products.updated_at AS products_updated_at, products.created_by AS products_created_by 
FROM products 
WHERE products.is_active = true) AS anon_1
2025-09-23 18:26:46,807 - sqlalchemy.engine.Engine - INFO - [cached since 65.12s ago] {}
2025-09-23 18:26:46,831 - sqlalchemy.engine.Engine - INFO - SELECT products.id AS products_id, products.name AS products_name, products.sku AS products_sku, products.description AS products_description, products.unit_price AS products_unit_price, products.unit_of_measure AS products_unit_of_measure, products.category AS products_category, products.is_active AS products_is_active, products.created_at AS products_created_at, products.updated_at AS products_updated_at, products.created_by AS products_created_by 
FROM products 
WHERE products.is_active = true ORDER BY products.created_at DESC 
 LIMIT %(param_1)s OFFSET %(param_2)s
2025-09-23 18:26:46,862 - sqlalchemy.engine.Engine - INFO - [cached since 65.15s ago] {'param_1': 20, 'param_2': 0}
2025-09-23 18:26:47,031 - sqlalchemy.engine.Engine - INFO - SELECT coalesce(sum(stock_movements.quantity), %(coalesce_2)s) AS coalesce_1 
FROM stock_movements 
WHERE stock_movements.product_id = %(product_id_1)s
2025-09-23 18:26:47,032 - sqlalchemy.engine.Engine - INFO - [cached since 65.33s ago] {'coalesce_2': 0, 'product_id_1': 5}
2025-09-23 18:26:47,051 - sqlalchemy.engine.Engine - INFO - SELECT coalesce(sum(stock_movements.quantity), %(coalesce_2)s) AS coalesce_1 
FROM stock_movements 
WHERE stock_movements.product_id = %(product_id_1)s
2025-09-23 18:26:47,053 - sqlalchemy.engine.Engine - INFO - [cached since 65.35s ago] {'coalesce_2': 0, 'product_id_1': 4}
2025-09-23 18:26:47,063 - sqlalchemy.engine.Engine - INFO - SELECT coalesce(sum(stock_movements.quantity), %(coalesce_2)s) AS coalesce_1 
FROM stock_movements 
WHERE stock_movements.product_id = %(product_id_1)s
2025-09-23 18:26:47,064 - sqlalchemy.engine.Engine - INFO - [cached since 65.36s ago] {'coalesce_2': 0, 'product_id_1': 3}
2025-09-23 18:26:47,149 - sqlalchemy.engine.Engine - INFO - SELECT coalesce(sum(stock_movements.quantity), %(coalesce_2)s) AS coalesce_1 
FROM stock_movements 
WHERE stock_movements.product_id = %(product_id_1)s
2025-09-23 18:26:47,150 - sqlalchemy.engine.Engine - INFO - [cached since 65.44s ago] {'coalesce_2': 0, 'product_id_1': 2}
2025-09-23 18:26:47,180 - sqlalchemy.engine.Engine - INFO - SELECT coalesce(sum(stock_movements.quantity), %(coalesce_2)s) AS coalesce_1 
FROM stock_movements 
WHERE stock_movements.product_id = %(product_id_1)s
2025-09-23 18:26:47,181 - sqlalchemy.engine.Engine - INFO - [cached since 65.47s ago] {'coalesce_2': 0, 'product_id_1': 1}
2025-09-23 18:26:47,183 - sqlalchemy.engine.Engine - INFO - ROLLBACK
2025-09-23 18:27:35,445 - watchfiles.main - INFO - 1 change detected
2025-09-23 18:29:05,994 - sqlalchemy.engine.Engine - INFO - BEGIN (implicit)
2025-09-23 18:29:05,995 - sqlalchemy.engine.Engine - INFO - SELECT users.id AS users_id, users.email AS users_email, users.hashed_password AS users_hashed_password, users.created_at AS users_created_at 
FROM users 
WHERE users.email = %(email_1)s 
 LIMIT %(param_1)s
2025-09-23 18:29:05,996 - sqlalchemy.engine.Engine - INFO - [cached since 209.6s ago] {'email_1': 'test@gmail.com', 'param_1': 1}
2025-09-23 18:29:06,020 - sqlalchemy.engine.Engine - INFO - SELECT count(*) AS count_1 
FROM (SELECT stock_movements.id AS stock_movements_id, stock_movements.product_id AS stock_movements_product_id, stock_movements.warehouse_id AS stock_movements_warehouse_id, stock_movements.movement_type AS stock_movements_movement_type, stock_movements.quantity AS stock_movements_quantity, stock_movements.unit_cost AS stock_movements_unit_cost, stock_movements.total_cost AS stock_movements_total_cost, stock_movements.reference_number AS stock_movements_reference_number, stock_movements.notes AS stock_movements_notes, stock_movements.created_at AS stock_movements_created_at, stock_movements.created_by AS stock_movements_created_by 
FROM stock_movements) AS anon_1
2025-09-23 18:29:06,021 - sqlalchemy.engine.Engine - INFO - [generated in 0.00069s] {}
2025-09-23 18:29:06,029 - sqlalchemy.engine.Engine - INFO - SELECT stock_movements.id AS stock_movements_id, stock_movements.product_id AS stock_movements_product_id, stock_movements.warehouse_id AS stock_movements_warehouse_id, stock_movements.movement_type AS stock_movements_movement_type, stock_movements.quantity AS stock_movements_quantity, stock_movements.unit_cost AS stock_movements_unit_cost, stock_movements.total_cost AS stock_movements_total_cost, stock_movements.reference_number AS stock_movements_reference_number, stock_movements.notes AS stock_movements_notes, stock_movements.created_at AS stock_movements_created_at, stock_movements.created_by AS stock_movements_created_by 
FROM stock_movements ORDER BY stock_movements.created_at DESC 
 LIMIT %(param_1)s OFFSET %(param_2)s
2025-09-23 18:29:06,030 - sqlalchemy.engine.Engine - INFO - [generated in 0.00078s] {'param_1': 20, 'param_2': 0}
2025-09-23 18:29:06,040 - sqlalchemy.engine.Engine - INFO - ROLLBACK
2025-09-23 18:29:06,112 - sqlalchemy.engine.Engine - INFO - BEGIN (implicit)
2025-09-23 18:29:06,113 - sqlalchemy.engine.Engine - INFO - SELECT users.id AS users_id, users.email AS users_email, users.hashed_password AS users_hashed_password, users.created_at AS users_created_at 
FROM users 
WHERE users.email = %(email_1)s 
 LIMIT %(param_1)s
2025-09-23 18:29:06,113 - sqlalchemy.engine.Engine - INFO - [cached since 209.7s ago] {'email_1': 'test@gmail.com', 'param_1': 1}
2025-09-23 18:29:06,123 - sqlalchemy.engine.Engine - INFO - SELECT count(*) AS count_1 
FROM (SELECT stock_movements.id AS stock_movements_id, stock_movements.product_id AS stock_movements_product_id, stock_movements.warehouse_id AS stock_movements_warehouse_id, stock_movements.movement_type AS stock_movements_movement_type, stock_movements.quantity AS stock_movements_quantity, stock_movements.unit_cost AS stock_movements_unit_cost, stock_movements.total_cost AS stock_movements_total_cost, stock_movements.reference_number AS stock_movements_reference_number, stock_movements.notes AS stock_movements_notes, stock_movements.created_at AS stock_movements_created_at, stock_movements.created_by AS stock_movements_created_by 
FROM stock_movements) AS anon_1
2025-09-23 18:29:06,124 - sqlalchemy.engine.Engine - INFO - [cached since 0.1035s ago] {}
2025-09-23 18:29:06,126 - sqlalchemy.engine.Engine - INFO - SELECT stock_movements.id AS stock_movements_id, stock_movements.product_id AS stock_movements_product_id, stock_movements.warehouse_id AS stock_movements_warehouse_id, stock_movements.movement_type AS stock_movements_movement_type, stock_movements.quantity AS stock_movements_quantity, stock_movements.unit_cost AS stock_movements_unit_cost, stock_movements.total_cost AS stock_movements_total_cost, stock_movements.reference_number AS stock_movements_reference_number, stock_movements.notes AS stock_movements_notes, stock_movements.created_at AS stock_movements_created_at, stock_movements.created_by AS stock_movements_created_by 
FROM stock_movements ORDER BY stock_movements.created_at DESC 
 LIMIT %(param_1)s OFFSET %(param_2)s
2025-09-23 18:29:06,127 - sqlalchemy.engine.Engine - INFO - [cached since 0.09808s ago] {'param_1': 20, 'param_2': 0}
2025-09-23 18:29:06,131 - sqlalchemy.engine.Engine - INFO - ROLLBACK
2025-09-23 18:29:09,839 - sqlalchemy.engine.Engine - INFO - BEGIN (implicit)
2025-09-23 18:29:09,841 - sqlalchemy.engine.Engine - INFO - SELECT users.id AS users_id, users.email AS users_email, users.hashed_password AS users_hashed_password, users.created_at AS users_created_at 
FROM users 
WHERE users.email = %(email_1)s 
 LIMIT %(param_1)s
2025-09-23 18:29:09,841 - sqlalchemy.engine.Engine - INFO - [cached since 213.4s ago] {'email_1': 'test@gmail.com', 'param_1': 1}
2025-09-23 18:29:09,852 - sqlalchemy.engine.Engine - INFO - ROLLBACK
2025-09-23 18:29:09,878 - sqlalchemy.engine.Engine - INFO - BEGIN (implicit)
2025-09-23 18:29:09,879 - sqlalchemy.engine.Engine - INFO - SELECT users.id AS users_id, users.email AS users_email, users.hashed_password AS users_hashed_password, users.created_at AS users_created_at 
FROM users 
WHERE users.email = %(email_1)s 
 LIMIT %(param_1)s
2025-09-23 18:29:09,879 - sqlalchemy.engine.Engine - INFO - [cached since 213.5s ago] {'email_1': 'test@gmail.com', 'param_1': 1}
2025-09-23 18:29:09,886 - sqlalchemy.engine.Engine - INFO - ROLLBACK
2025-09-23 18:29:09,986 - sqlalchemy.engine.Engine - INFO - BEGIN (implicit)
2025-09-23 18:29:09,987 - sqlalchemy.engine.Engine - INFO - SELECT users.id AS users_id, users.email AS users_email, users.hashed_password AS users_hashed_password, users.created_at AS users_created_at 
FROM users 
WHERE users.email = %(email_1)s 
 LIMIT %(param_1)s
2025-09-23 18:29:09,988 - sqlalchemy.engine.Engine - INFO - [cached since 213.6s ago] {'email_1': 'test@gmail.com', 'param_1': 1}
2025-09-23 18:29:10,007 - sqlalchemy.engine.Engine - INFO - SELECT warehouses.id AS warehouses_id, warehouses.name AS warehouses_name, warehouses.location AS warehouses_location, warehouses.description AS warehouses_description, warehouses.is_active AS warehouses_is_active, warehouses.created_at AS warehouses_created_at, warehouses.updated_at AS warehouses_updated_at 
FROM warehouses 
WHERE warehouses.is_active = true
2025-09-23 18:29:10,008 - sqlalchemy.engine.Engine - INFO - [generated in 0.00148s] {}
2025-09-23 18:29:10,019 - sqlalchemy.engine.Engine - INFO - ROLLBACK
2025-09-23 18:29:10,032 - sqlalchemy.engine.Engine - INFO - BEGIN (implicit)
2025-09-23 18:29:10,033 - sqlalchemy.engine.Engine - INFO - SELECT users.id AS users_id, users.email AS users_email, users.hashed_password AS users_hashed_password, users.created_at AS users_created_at 
FROM users 
WHERE users.email = %(email_1)s 
 LIMIT %(param_1)s
2025-09-23 18:29:10,034 - sqlalchemy.engine.Engine - INFO - [cached since 213.6s ago] {'email_1': 'test@gmail.com', 'param_1': 1}
2025-09-23 18:29:10,041 - sqlalchemy.engine.Engine - INFO - SELECT warehouses.id AS warehouses_id, warehouses.name AS warehouses_name, warehouses.location AS warehouses_location, warehouses.description AS warehouses_description, warehouses.is_active AS warehouses_is_active, warehouses.created_at AS warehouses_created_at, warehouses.updated_at AS warehouses_updated_at 
FROM warehouses 
WHERE warehouses.is_active = true
2025-09-23 18:29:10,042 - sqlalchemy.engine.Engine - INFO - [cached since 0.03478s ago] {}
2025-09-23 18:29:10,045 - sqlalchemy.engine.Engine - INFO - ROLLBACK
2025-09-23 18:29:24,343 - watchfiles.main - INFO - 1 change detected
2025-09-23 18:29:24,859 - watchfiles.main - INFO - 1 change detected
2025-09-23 18:29:30,252 - watchfiles.main - INFO - 3 changes detected
2025-09-23 18:30:04,587 - root - INFO - test-app-log
2025-09-23 18:30:04,588 - uvicorn.access - INFO - GET /api/v1/test 200
2025-09-23 18:30:04,588 - uvicorn.access - INFO - GET /api/v1/test 200
2025-09-23 18:30:04,746 - watchfiles.main - INFO - 2 changes detected
2025-09-23 18:30:27,516 - sqlalchemy.engine.Engine - INFO - select pg_catalog.version()
2025-09-23 18:30:27,517 - sqlalchemy.engine.Engine - INFO - [raw sql] {}
2025-09-23 18:30:27,521 - sqlalchemy.engine.Engine - INFO - select current_schema()
2025-09-23 18:30:27,521 - sqlalchemy.engine.Engine - INFO - [raw sql] {}
2025-09-23 18:30:27,526 - sqlalchemy.engine.Engine - INFO - show standard_conforming_strings
2025-09-23 18:30:27,529 - sqlalchemy.engine.Engine - INFO - [raw sql] {}
2025-09-23 18:30:27,533 - sqlalchemy.engine.Engine - INFO - BEGIN (implicit)
2025-09-23 18:30:27,705 - sqlalchemy.engine.Engine - INFO - SELECT users.id AS users_id, users.email AS users_email, users.hashed_password AS users_hashed_password, users.created_at AS users_created_at 
FROM users 
WHERE users.email = %(email_1)s 
 LIMIT %(param_1)s
2025-09-23 18:30:27,706 - sqlalchemy.engine.Engine - INFO - [generated in 0.00090s] {'email_1': 'test@gmail.com', 'param_1': 1}
2025-09-23 18:30:28,009 - sqlalchemy.engine.Engine - INFO - SELECT count(*) AS count_1 
FROM (SELECT stock_movements.id AS stock_movements_id, stock_movements.product_id AS stock_movements_product_id, stock_movements.warehouse_id AS stock_movements_warehouse_id, stock_movements.movement_type AS stock_movements_movement_type, stock_movements.quantity AS stock_movements_quantity, stock_movements.unit_cost AS stock_movements_unit_cost, stock_movements.total_cost AS stock_movements_total_cost, stock_movements.reference_number AS stock_movements_reference_number, stock_movements.notes AS stock_movements_notes, stock_movements.created_at AS stock_movements_created_at, stock_movements.created_by AS stock_movements_created_by 
FROM stock_movements) AS anon_1
2025-09-23 18:30:28,010 - sqlalchemy.engine.Engine - INFO - [generated in 0.00058s] {}
2025-09-23 18:30:28,023 - sqlalchemy.engine.Engine - INFO - SELECT stock_movements.id AS stock_movements_id, stock_movements.product_id AS stock_movements_product_id, stock_movements.warehouse_id AS stock_movements_warehouse_id, stock_movements.movement_type AS stock_movements_movement_type, stock_movements.quantity AS stock_movements_quantity, stock_movements.unit_cost AS stock_movements_unit_cost, stock_movements.total_cost AS stock_movements_total_cost, stock_movements.reference_number AS stock_movements_reference_number, stock_movements.notes AS stock_movements_notes, stock_movements.created_at AS stock_movements_created_at, stock_movements.created_by AS stock_movements_created_by 
FROM stock_movements ORDER BY stock_movements.created_at DESC 
 LIMIT %(param_1)s OFFSET %(param_2)s
2025-09-23 18:30:28,023 - sqlalchemy.engine.Engine - INFO - [generated in 0.00070s] {'param_1': 20, 'param_2': 0}
2025-09-23 18:30:28,031 - sqlalchemy.engine.Engine - INFO - ROLLBACK
2025-09-23 18:30:28,159 - sqlalchemy.engine.Engine - INFO - BEGIN (implicit)
2025-09-23 18:30:28,170 - sqlalchemy.engine.Engine - INFO - SELECT users.id AS users_id, users.email AS users_email, users.hashed_password AS users_hashed_password, users.created_at AS users_created_at 
FROM users 
WHERE users.email = %(email_1)s 
 LIMIT %(param_1)s
2025-09-23 18:30:28,175 - sqlalchemy.engine.Engine - INFO - [cached since 0.4707s ago] {'email_1': 'test@gmail.com', 'param_1': 1}
2025-09-23 18:30:28,274 - sqlalchemy.engine.Engine - INFO - BEGIN (implicit)
2025-09-23 18:30:28,275 - sqlalchemy.engine.Engine - INFO - SELECT users.id AS users_id, users.email AS users_email, users.hashed_password AS users_hashed_password, users.created_at AS users_created_at 
FROM users 
WHERE users.email = %(email_1)s 
 LIMIT %(param_1)s
2025-09-23 18:30:28,276 - sqlalchemy.engine.Engine - INFO - [cached since 0.571s ago] {'email_1': 'test@gmail.com', 'param_1': 1}
2025-09-23 18:30:28,486 - sqlalchemy.engine.Engine - INFO - SELECT count(*) AS count_1 
FROM (SELECT stock_movements.id AS stock_movements_id, stock_movements.product_id AS stock_movements_product_id, stock_movements.warehouse_id AS stock_movements_warehouse_id, stock_movements.movement_type AS stock_movements_movement_type, stock_movements.quantity AS stock_movements_quantity, stock_movements.unit_cost AS stock_movements_unit_cost, stock_movements.total_cost AS stock_movements_total_cost, stock_movements.reference_number AS stock_movements_reference_number, stock_movements.notes AS stock_movements_notes, stock_movements.created_at AS stock_movements_created_at, stock_movements.created_by AS stock_movements_created_by 
FROM stock_movements) AS anon_1
2025-09-23 18:30:28,487 - sqlalchemy.engine.Engine - INFO - [cached since 0.4771s ago] {}
2025-09-23 18:30:28,937 - sqlalchemy.engine.Engine - INFO - SELECT stock_movements.id AS stock_movements_id, stock_movements.product_id AS stock_movements_product_id, stock_movements.warehouse_id AS stock_movements_warehouse_id, stock_movements.movement_type AS stock_movements_movement_type, stock_movements.quantity AS stock_movements_quantity, stock_movements.unit_cost AS stock_movements_unit_cost, stock_movements.total_cost AS stock_movements_total_cost, stock_movements.reference_number AS stock_movements_reference_number, stock_movements.notes AS stock_movements_notes, stock_movements.created_at AS stock_movements_created_at, stock_movements.created_by AS stock_movements_created_by 
FROM stock_movements ORDER BY stock_movements.created_at DESC 
 LIMIT %(param_1)s OFFSET %(param_2)s
2025-09-23 18:30:28,937 - sqlalchemy.engine.Engine - INFO - [cached since 0.915s ago] {'param_1': 20, 'param_2': 0}
2025-09-23 18:30:28,942 - sqlalchemy.engine.Engine - INFO - ROLLBACK
2025-09-23 18:30:28,976 - sqlalchemy.engine.Engine - INFO - SELECT count(*) AS count_1 
FROM (SELECT products.id AS products_id, products.name AS products_name, products.sku AS products_sku, products.description AS products_description, products.unit_price AS products_unit_price, products.unit_of_measure AS products_unit_of_measure, products.category AS products_category, products.is_active AS products_is_active, products.created_at AS products_created_at, products.updated_at AS products_updated_at, products.created_by AS products_created_by 
FROM products 
WHERE products.is_active = true) AS anon_1
2025-09-23 18:30:28,976 - sqlalchemy.engine.Engine - INFO - [generated in 0.00052s] {}
2025-09-23 18:30:28,986 - sqlalchemy.engine.Engine - INFO - SELECT products.id AS products_id, products.name AS products_name, products.sku AS products_sku, products.description AS products_description, products.unit_price AS products_unit_price, products.unit_of_measure AS products_unit_of_measure, products.category AS products_category, products.is_active AS products_is_active, products.created_at AS products_created_at, products.updated_at AS products_updated_at, products.created_by AS products_created_by 
FROM products 
WHERE products.is_active = true ORDER BY products.created_at DESC 
 LIMIT %(param_1)s OFFSET %(param_2)s
2025-09-23 18:30:28,987 - sqlalchemy.engine.Engine - INFO - [generated in 0.00200s] {'param_1': 20, 'param_2': 0}
2025-09-23 18:30:28,997 - sqlalchemy.engine.Engine - INFO - SELECT coalesce(sum(stock_movements.quantity), %(coalesce_2)s) AS coalesce_1 
FROM stock_movements 
WHERE stock_movements.product_id = %(product_id_1)s
2025-09-23 18:30:28,997 - sqlalchemy.engine.Engine - INFO - [generated in 0.00075s] {'coalesce_2': 0, 'product_id_1': 5}
2025-09-23 18:30:29,010 - sqlalchemy.engine.Engine - INFO - SELECT coalesce(sum(stock_movements.quantity), %(coalesce_2)s) AS coalesce_1 
FROM stock_movements 
WHERE stock_movements.product_id = %(product_id_1)s
2025-09-23 18:30:29,011 - sqlalchemy.engine.Engine - INFO - [cached since 0.01409s ago] {'coalesce_2': 0, 'product_id_1': 4}
2025-09-23 18:30:29,014 - sqlalchemy.engine.Engine - INFO - SELECT coalesce(sum(stock_movements.quantity), %(coalesce_2)s) AS coalesce_1 
FROM stock_movements 
WHERE stock_movements.product_id = %(product_id_1)s
2025-09-23 18:30:29,014 - sqlalchemy.engine.Engine - INFO - [cached since 0.01797s ago] {'coalesce_2': 0, 'product_id_1': 3}
2025-09-23 18:30:29,030 - sqlalchemy.engine.Engine - INFO - SELECT coalesce(sum(stock_movements.quantity), %(coalesce_2)s) AS coalesce_1 
FROM stock_movements 
WHERE stock_movements.product_id = %(product_id_1)s
2025-09-23 18:30:29,030 - sqlalchemy.engine.Engine - INFO - [cached since 0.03366s ago] {'coalesce_2': 0, 'product_id_1': 2}
2025-09-23 18:30:29,038 - sqlalchemy.engine.Engine - INFO - SELECT coalesce(sum(stock_movements.quantity), %(coalesce_2)s) AS coalesce_1 
FROM stock_movements 
WHERE stock_movements.product_id = %(product_id_1)s
2025-09-23 18:30:29,061 - sqlalchemy.engine.Engine - INFO - [cached since 0.06405s ago] {'coalesce_2': 0, 'product_id_1': 1}
2025-09-23 18:30:29,080 - sqlalchemy.engine.Engine - INFO - ROLLBACK
2025-09-23 18:30:29,222 - sqlalchemy.engine.Engine - INFO - BEGIN (implicit)
2025-09-23 18:30:29,223 - sqlalchemy.engine.Engine - INFO - SELECT users.id AS users_id, users.email AS users_email, users.hashed_password AS users_hashed_password, users.created_at AS users_created_at 
FROM users 
WHERE users.email = %(email_1)s 
 LIMIT %(param_1)s
2025-09-23 18:30:29,224 - sqlalchemy.engine.Engine - INFO - [cached since 1.519s ago] {'email_1': 'test@gmail.com', 'param_1': 1}
2025-09-23 18:30:29,273 - sqlalchemy.engine.Engine - INFO - SELECT count(*) AS count_1 
FROM (SELECT products.id AS products_id, products.name AS products_name, products.sku AS products_sku, products.description AS products_description, products.unit_price AS products_unit_price, products.unit_of_measure AS products_unit_of_measure, products.category AS products_category, products.is_active AS products_is_active, products.created_at AS products_created_at, products.updated_at AS products_updated_at, products.created_by AS products_created_by 
FROM products 
WHERE products.is_active = true) AS anon_1
2025-09-23 18:30:29,274 - sqlalchemy.engine.Engine - INFO - [cached since 0.298s ago] {}
2025-09-23 18:30:29,286 - sqlalchemy.engine.Engine - INFO - SELECT products.id AS products_id, products.name AS products_name, products.sku AS products_sku, products.description AS products_description, products.unit_price AS products_unit_price, products.unit_of_measure AS products_unit_of_measure, products.category AS products_category, products.is_active AS products_is_active, products.created_at AS products_created_at, products.updated_at AS products_updated_at, products.created_by AS products_created_by 
FROM products 
WHERE products.is_active = true ORDER BY products.created_at DESC 
 LIMIT %(param_1)s OFFSET %(param_2)s
2025-09-23 18:30:29,287 - sqlalchemy.engine.Engine - INFO - [cached since 0.3015s ago] {'param_1': 20, 'param_2': 0}
2025-09-23 18:30:29,291 - sqlalchemy.engine.Engine - INFO - SELECT coalesce(sum(stock_movements.quantity), %(coalesce_2)s) AS coalesce_1 
FROM stock_movements 
WHERE stock_movements.product_id = %(product_id_1)s
2025-09-23 18:30:29,316 - sqlalchemy.engine.Engine - INFO - [cached since 0.3196s ago] {'coalesce_2': 0, 'product_id_1': 5}
2025-09-23 18:30:29,320 - sqlalchemy.engine.Engine - INFO - SELECT coalesce(sum(stock_movements.quantity), %(coalesce_2)s) AS coalesce_1 
FROM stock_movements 
WHERE stock_movements.product_id = %(product_id_1)s
2025-09-23 18:30:29,320 - sqlalchemy.engine.Engine - INFO - [cached since 0.3238s ago] {'coalesce_2': 0, 'product_id_1': 4}
2025-09-23 18:30:29,340 - sqlalchemy.engine.Engine - INFO - SELECT coalesce(sum(stock_movements.quantity), %(coalesce_2)s) AS coalesce_1 
FROM stock_movements 
WHERE stock_movements.product_id = %(product_id_1)s
2025-09-23 18:30:29,341 - sqlalchemy.engine.Engine - INFO - [cached since 0.3446s ago] {'coalesce_2': 0, 'product_id_1': 3}
2025-09-23 18:30:29,345 - sqlalchemy.engine.Engine - INFO - SELECT coalesce(sum(stock_movements.quantity), %(coalesce_2)s) AS coalesce_1 
FROM stock_movements 
WHERE stock_movements.product_id = %(product_id_1)s
2025-09-23 18:30:29,347 - sqlalchemy.engine.Engine - INFO - [cached since 0.3507s ago] {'coalesce_2': 0, 'product_id_1': 2}
2025-09-23 18:30:29,363 - sqlalchemy.engine.Engine - INFO - SELECT coalesce(sum(stock_movements.quantity), %(coalesce_2)s) AS coalesce_1 
FROM stock_movements 
WHERE stock_movements.product_id = %(product_id_1)s
2025-09-23 18:30:29,363 - sqlalchemy.engine.Engine - INFO - [cached since 0.3666s ago] {'coalesce_2': 0, 'product_id_1': 1}
2025-09-23 18:30:29,374 - sqlalchemy.engine.Engine - INFO - ROLLBACK
2025-09-23 18:30:53,464 - sqlalchemy.engine.Engine - INFO - BEGIN (implicit)
2025-09-23 18:30:53,469 - sqlalchemy.engine.Engine - INFO - SELECT users.id AS users_id, users.email AS users_email, users.hashed_password AS users_hashed_password, users.created_at AS users_created_at 
FROM users 
WHERE users.email = %(email_1)s 
 LIMIT %(param_1)s
2025-09-23 18:30:53,470 - sqlalchemy.engine.Engine - INFO - [cached since 25.77s ago] {'email_1': 'test@gmail.com', 'param_1': 1}
2025-09-23 18:30:53,504 - sqlalchemy.engine.Engine - INFO - SELECT products.id AS products_id, products.name AS products_name, products.sku AS products_sku, products.description AS products_description, products.unit_price AS products_unit_price, products.unit_of_measure AS products_unit_of_measure, products.category AS products_category, products.is_active AS products_is_active, products.created_at AS products_created_at, products.updated_at AS products_updated_at, products.created_by AS products_created_by 
FROM products 
WHERE products.sku = %(sku_1)s 
 LIMIT %(param_1)s
2025-09-23 18:30:53,505 - sqlalchemy.engine.Engine - INFO - [generated in 0.00065s] {'sku_1': 'by01', 'param_1': 1}
2025-09-23 18:30:53,553 - sqlalchemy.engine.Engine - INFO - INSERT INTO products (name, sku, description, unit_price, unit_of_measure, category, is_active, created_by) VALUES (%(name)s, %(sku)s, %(description)s, %(unit_price)s, %(unit_of_measure)s, %(category)s, %(is_active)s, %(created_by)s) RETURNING products.id, products.created_at, products.updated_at
2025-09-23 18:30:53,553 - sqlalchemy.engine.Engine - INFO - [generated in 0.00056s] {'name': 'ok3', 'sku': 'by01', 'description': 'ok', 'unit_price': Decimal('123'), 'unit_of_measure': 'meter', 'category': 'ok', 'is_active': True, 'created_by': 5}
2025-09-23 18:30:53,568 - sqlalchemy.engine.Engine - INFO - COMMIT
2025-09-23 18:30:53,573 - sqlalchemy.engine.Engine - INFO - BEGIN (implicit)
2025-09-23 18:30:53,586 - sqlalchemy.engine.Engine - INFO - SELECT products.id, products.name, products.sku, products.description, products.unit_price, products.unit_of_measure, products.category, products.is_active, products.created_at, products.updated_at, products.created_by 
FROM products 
WHERE products.id = %(pk_1)s
2025-09-23 18:30:53,587 - sqlalchemy.engine.Engine - INFO - [generated in 0.00096s] {'pk_1': 6}
2025-09-23 18:30:53,604 - sqlalchemy.engine.Engine - INFO - ROLLBACK
2025-09-23 18:30:53,882 - sqlalchemy.engine.Engine - INFO - BEGIN (implicit)
2025-09-23 18:30:53,883 - sqlalchemy.engine.Engine - INFO - SELECT users.id AS users_id, users.email AS users_email, users.hashed_password AS users_hashed_password, users.created_at AS users_created_at 
FROM users 
WHERE users.email = %(email_1)s 
 LIMIT %(param_1)s
2025-09-23 18:30:53,884 - sqlalchemy.engine.Engine - INFO - [cached since 26.18s ago] {'email_1': 'test@gmail.com', 'param_1': 1}
2025-09-23 18:30:53,921 - sqlalchemy.engine.Engine - INFO - SELECT count(*) AS count_1 
FROM (SELECT products.id AS products_id, products.name AS products_name, products.sku AS products_sku, products.description AS products_description, products.unit_price AS products_unit_price, products.unit_of_measure AS products_unit_of_measure, products.category AS products_category, products.is_active AS products_is_active, products.created_at AS products_created_at, products.updated_at AS products_updated_at, products.created_by AS products_created_by 
FROM products 
WHERE products.is_active = true) AS anon_1
2025-09-23 18:30:53,924 - sqlalchemy.engine.Engine - INFO - [cached since 24.95s ago] {}
2025-09-23 18:30:53,960 - sqlalchemy.engine.Engine - INFO - SELECT products.id AS products_id, products.name AS products_name, products.sku AS products_sku, products.description AS products_description, products.unit_price AS products_unit_price, products.unit_of_measure AS products_unit_of_measure, products.category AS products_category, products.is_active AS products_is_active, products.created_at AS products_created_at, products.updated_at AS products_updated_at, products.created_by AS products_created_by 
FROM products 
WHERE products.is_active = true ORDER BY products.created_at DESC 
 LIMIT %(param_1)s OFFSET %(param_2)s
2025-09-23 18:30:53,961 - sqlalchemy.engine.Engine - INFO - [cached since 24.98s ago] {'param_1': 20, 'param_2': 0}
2025-09-23 18:30:53,988 - sqlalchemy.engine.Engine - INFO - SELECT coalesce(sum(stock_movements.quantity), %(coalesce_2)s) AS coalesce_1 
FROM stock_movements 
WHERE stock_movements.product_id = %(product_id_1)s
2025-09-23 18:30:53,990 - sqlalchemy.engine.Engine - INFO - [cached since 24.99s ago] {'coalesce_2': 0, 'product_id_1': 6}
2025-09-23 18:30:53,997 - sqlalchemy.engine.Engine - INFO - SELECT coalesce(sum(stock_movements.quantity), %(coalesce_2)s) AS coalesce_1 
FROM stock_movements 
WHERE stock_movements.product_id = %(product_id_1)s
2025-09-23 18:30:53,998 - sqlalchemy.engine.Engine - INFO - [cached since 25s ago] {'coalesce_2': 0, 'product_id_1': 5}
2025-09-23 18:30:54,015 - sqlalchemy.engine.Engine - INFO - SELECT coalesce(sum(stock_movements.quantity), %(coalesce_2)s) AS coalesce_1 
FROM stock_movements 
WHERE stock_movements.product_id = %(product_id_1)s
2025-09-23 18:30:54,016 - sqlalchemy.engine.Engine - INFO - [cached since 25.02s ago] {'coalesce_2': 0, 'product_id_1': 4}
2025-09-23 18:30:54,020 - sqlalchemy.engine.Engine - INFO - SELECT coalesce(sum(stock_movements.quantity), %(coalesce_2)s) AS coalesce_1 
FROM stock_movements 
WHERE stock_movements.product_id = %(product_id_1)s
2025-09-23 18:30:54,020 - sqlalchemy.engine.Engine - INFO - [cached since 25.02s ago] {'coalesce_2': 0, 'product_id_1': 3}
2025-09-23 18:30:54,030 - sqlalchemy.engine.Engine - INFO - SELECT coalesce(sum(stock_movements.quantity), %(coalesce_2)s) AS coalesce_1 
FROM stock_movements 
WHERE stock_movements.product_id = %(product_id_1)s
2025-09-23 18:30:54,032 - sqlalchemy.engine.Engine - INFO - [cached since 25.04s ago] {'coalesce_2': 0, 'product_id_1': 2}
2025-09-23 18:30:54,037 - sqlalchemy.engine.Engine - INFO - SELECT coalesce(sum(stock_movements.quantity), %(coalesce_2)s) AS coalesce_1 
FROM stock_movements 
WHERE stock_movements.product_id = %(product_id_1)s
2025-09-23 18:30:54,040 - sqlalchemy.engine.Engine - INFO - [cached since 25.04s ago] {'coalesce_2': 0, 'product_id_1': 1}
2025-09-23 18:30:54,049 - sqlalchemy.engine.Engine - INFO - ROLLBACK
2025-09-23 18:30:54,234 - sqlalchemy.engine.Engine - INFO - BEGIN (implicit)
2025-09-23 18:30:54,235 - sqlalchemy.engine.Engine - INFO - SELECT users.id AS users_id, users.email AS users_email, users.hashed_password AS users_hashed_password, users.created_at AS users_created_at 
FROM users 
WHERE users.email = %(email_1)s 
 LIMIT %(param_1)s
2025-09-23 18:30:54,235 - sqlalchemy.engine.Engine - INFO - [cached since 26.53s ago] {'email_1': 'test@gmail.com', 'param_1': 1}
2025-09-23 18:30:54,244 - sqlalchemy.engine.Engine - INFO - SELECT count(*) AS count_1 
FROM (SELECT products.id AS products_id, products.name AS products_name, products.sku AS products_sku, products.description AS products_description, products.unit_price AS products_unit_price, products.unit_of_measure AS products_unit_of_measure, products.category AS products_category, products.is_active AS products_is_active, products.created_at AS products_created_at, products.updated_at AS products_updated_at, products.created_by AS products_created_by 
FROM products 
WHERE products.is_active = true) AS anon_1
2025-09-23 18:30:54,244 - sqlalchemy.engine.Engine - INFO - [cached since 25.27s ago] {}
2025-09-23 18:30:54,246 - sqlalchemy.engine.Engine - INFO - SELECT products.id AS products_id, products.name AS products_name, products.sku AS products_sku, products.description AS products_description, products.unit_price AS products_unit_price, products.unit_of_measure AS products_unit_of_measure, products.category AS products_category, products.is_active AS products_is_active, products.created_at AS products_created_at, products.updated_at AS products_updated_at, products.created_by AS products_created_by 
FROM products 
WHERE products.is_active = true ORDER BY products.created_at DESC 
 LIMIT %(param_1)s OFFSET %(param_2)s
2025-09-23 18:30:54,247 - sqlalchemy.engine.Engine - INFO - [cached since 25.26s ago] {'param_1': 20, 'param_2': 0}
2025-09-23 18:30:54,251 - sqlalchemy.engine.Engine - INFO - SELECT coalesce(sum(stock_movements.quantity), %(coalesce_2)s) AS coalesce_1 
FROM stock_movements 
WHERE stock_movements.product_id = %(product_id_1)s
2025-09-23 18:30:54,252 - sqlalchemy.engine.Engine - INFO - [cached since 25.26s ago] {'coalesce_2': 0, 'product_id_1': 6}
2025-09-23 18:30:54,257 - sqlalchemy.engine.Engine - INFO - SELECT coalesce(sum(stock_movements.quantity), %(coalesce_2)s) AS coalesce_1 
FROM stock_movements 
WHERE stock_movements.product_id = %(product_id_1)s
2025-09-23 18:30:54,257 - sqlalchemy.engine.Engine - INFO - [cached since 25.26s ago] {'coalesce_2': 0, 'product_id_1': 5}
2025-09-23 18:30:54,261 - sqlalchemy.engine.Engine - INFO - SELECT coalesce(sum(stock_movements.quantity), %(coalesce_2)s) AS coalesce_1 
FROM stock_movements 
WHERE stock_movements.product_id = %(product_id_1)s
2025-09-23 18:30:54,262 - sqlalchemy.engine.Engine - INFO - [cached since 25.27s ago] {'coalesce_2': 0, 'product_id_1': 4}
2025-09-23 18:30:54,267 - sqlalchemy.engine.Engine - INFO - SELECT coalesce(sum(stock_movements.quantity), %(coalesce_2)s) AS coalesce_1 
FROM stock_movements 
WHERE stock_movements.product_id = %(product_id_1)s
2025-09-23 18:30:54,268 - sqlalchemy.engine.Engine - INFO - [cached since 25.27s ago] {'coalesce_2': 0, 'product_id_1': 3}
2025-09-23 18:30:54,272 - sqlalchemy.engine.Engine - INFO - SELECT coalesce(sum(stock_movements.quantity), %(coalesce_2)s) AS coalesce_1 
FROM stock_movements 
WHERE stock_movements.product_id = %(product_id_1)s
2025-09-23 18:30:54,272 - sqlalchemy.engine.Engine - INFO - [cached since 25.28s ago] {'coalesce_2': 0, 'product_id_1': 2}
2025-09-23 18:30:54,276 - sqlalchemy.engine.Engine - INFO - SELECT coalesce(sum(stock_movements.quantity), %(coalesce_2)s) AS coalesce_1 
FROM stock_movements 
WHERE stock_movements.product_id = %(product_id_1)s
2025-09-23 18:30:54,277 - sqlalchemy.engine.Engine - INFO - [cached since 25.28s ago] {'coalesce_2': 0, 'product_id_1': 1}
2025-09-23 18:30:54,282 - sqlalchemy.engine.Engine - INFO - ROLLBACK
2025-09-23 18:32:23,217 - watchfiles.main - INFO - 1 change detected
2025-09-23 18:32:27,657 - watchfiles.main - INFO - 1 change detected
2025-09-23 18:32:28,185 - watchfiles.main - INFO - 1 change detected
2025-09-23 18:32:33,149 - watchfiles.main - INFO - 3 changes detected
2025-09-23 18:40:05,476 - sqlalchemy.engine.Engine - INFO - select pg_catalog.version()
2025-09-23 18:40:05,478 - sqlalchemy.engine.Engine - INFO - [raw sql] {}
2025-09-23 18:40:05,481 - sqlalchemy.engine.Engine - INFO - select current_schema()
2025-09-23 18:40:05,485 - sqlalchemy.engine.Engine - INFO - [raw sql] {}
2025-09-23 18:40:05,487 - sqlalchemy.engine.Engine - INFO - show standard_conforming_strings
2025-09-23 18:40:05,487 - sqlalchemy.engine.Engine - INFO - [raw sql] {}
2025-09-23 18:40:05,493 - sqlalchemy.engine.Engine - INFO - BEGIN (implicit)
2025-09-23 18:40:05,506 - sqlalchemy.engine.Engine - INFO - SELECT users.id AS users_id, users.email AS users_email, users.hashed_password AS users_hashed_password, users.created_at AS users_created_at 
FROM users 
WHERE users.email = %(email_1)s 
 LIMIT %(param_1)s
2025-09-23 18:40:05,508 - sqlalchemy.engine.Engine - INFO - [generated in 0.00327s] {'email_1': 'test@gmail.com', 'param_1': 1}
2025-09-23 18:40:05,599 - sqlalchemy.engine.Engine - INFO - SELECT count(*) AS count_1 
FROM (SELECT stock_movements.id AS stock_movements_id, stock_movements.product_id AS stock_movements_product_id, stock_movements.warehouse_id AS stock_movements_warehouse_id, stock_movements.movement_type AS stock_movements_movement_type, stock_movements.quantity AS stock_movements_quantity, stock_movements.unit_cost AS stock_movements_unit_cost, stock_movements.total_cost AS stock_movements_total_cost, stock_movements.reference_number AS stock_movements_reference_number, stock_movements.notes AS stock_movements_notes, stock_movements.created_at AS stock_movements_created_at, stock_movements.created_by AS stock_movements_created_by 
FROM stock_movements) AS anon_1
2025-09-23 18:40:05,600 - sqlalchemy.engine.Engine - INFO - [generated in 0.00068s] {}
2025-09-23 18:40:05,629 - sqlalchemy.engine.Engine - INFO - SELECT stock_movements.id AS stock_movements_id, stock_movements.product_id AS stock_movements_product_id, stock_movements.warehouse_id AS stock_movements_warehouse_id, stock_movements.movement_type AS stock_movements_movement_type, stock_movements.quantity AS stock_movements_quantity, stock_movements.unit_cost AS stock_movements_unit_cost, stock_movements.total_cost AS stock_movements_total_cost, stock_movements.reference_number AS stock_movements_reference_number, stock_movements.notes AS stock_movements_notes, stock_movements.created_at AS stock_movements_created_at, stock_movements.created_by AS stock_movements_created_by 
FROM stock_movements ORDER BY stock_movements.created_at DESC 
 LIMIT %(param_1)s OFFSET %(param_2)s
2025-09-23 18:40:05,630 - sqlalchemy.engine.Engine - INFO - [generated in 0.00093s] {'param_1': 20, 'param_2': 0}
2025-09-23 18:40:05,648 - sqlalchemy.engine.Engine - INFO - ROLLBACK
2025-09-23 18:40:05,670 - sqlalchemy.engine.Engine - INFO - BEGIN (implicit)
2025-09-23 18:40:05,680 - sqlalchemy.engine.Engine - INFO - SELECT users.id AS users_id, users.email AS users_email, users.hashed_password AS users_hashed_password, users.created_at AS users_created_at 
FROM users 
WHERE users.email = %(email_1)s 
 LIMIT %(param_1)s
2025-09-23 18:40:05,682 - sqlalchemy.engine.Engine - INFO - [cached since 0.1776s ago] {'email_1': 'test@gmail.com', 'param_1': 1}
2025-09-23 18:40:05,693 - sqlalchemy.engine.Engine - INFO - SELECT count(*) AS count_1 
FROM (SELECT stock_movements.id AS stock_movements_id, stock_movements.product_id AS stock_movements_product_id, stock_movements.warehouse_id AS stock_movements_warehouse_id, stock_movements.movement_type AS stock_movements_movement_type, stock_movements.quantity AS stock_movements_quantity, stock_movements.unit_cost AS stock_movements_unit_cost, stock_movements.total_cost AS stock_movements_total_cost, stock_movements.reference_number AS stock_movements_reference_number, stock_movements.notes AS stock_movements_notes, stock_movements.created_at AS stock_movements_created_at, stock_movements.created_by AS stock_movements_created_by 
FROM stock_movements) AS anon_1
2025-09-23 18:40:05,694 - sqlalchemy.engine.Engine - INFO - [cached since 0.09489s ago] {}
2025-09-23 18:40:05,697 - sqlalchemy.engine.Engine - INFO - SELECT stock_movements.id AS stock_movements_id, stock_movements.product_id AS stock_movements_product_id, stock_movements.warehouse_id AS stock_movements_warehouse_id, stock_movements.movement_type AS stock_movements_movement_type, stock_movements.quantity AS stock_movements_quantity, stock_movements.unit_cost AS stock_movements_unit_cost, stock_movements.total_cost AS stock_movements_total_cost, stock_movements.reference_number AS stock_movements_reference_number, stock_movements.notes AS stock_movements_notes, stock_movements.created_at AS stock_movements_created_at, stock_movements.created_by AS stock_movements_created_by 
FROM stock_movements ORDER BY stock_movements.created_at DESC 
 LIMIT %(param_1)s OFFSET %(param_2)s
2025-09-23 18:40:05,697 - sqlalchemy.engine.Engine - INFO - [cached since 0.06885s ago] {'param_1': 20, 'param_2': 0}
2025-09-23 18:40:05,709 - sqlalchemy.engine.Engine - INFO - ROLLBACK
